{"/Users/tborge02/www/node-studies/api-with-solid/src/repositories/in-memory/in-memory-users-repository.ts": {"path":"/Users/tborge02/www/node-studies/api-with-solid/src/repositories/in-memory/in-memory-users-repository.ts","statementMap":{"0":{"start":{"line":5,"column":42},"end":{"line":5,"column":null}},"1":{"start":{"line":8,"column":15},"end":{"line":8,"column":null}},"2":{"start":{"line":8,"column":41},"end":{"line":8,"column":61}},"3":{"start":{"line":10,"column":2},"end":{"line":10,"column":null}},"4":{"start":{"line":14,"column":15},"end":{"line":19,"column":null}},"5":{"start":{"line":21,"column":2},"end":{"line":21,"column":null}},"6":{"start":{"line":23,"column":2},"end":{"line":23,"column":null}}},"fnMap":{"0":{"name":"(anonymous_0)","decl":{"start":{"line":7,"column":7},"end":{"line":7,"column":19}},"loc":{"start":{"line":7,"column":34},"end":{"line":11,"column":null}},"line":7},"1":{"name":"(anonymous_1)","decl":{"start":{"line":8,"column":31},"end":{"line":8,"column":32}},"loc":{"start":{"line":8,"column":41},"end":{"line":8,"column":61}},"line":8},"2":{"name":"(anonymous_2)","decl":{"start":{"line":13,"column":7},"end":{"line":13,"column":14}},"loc":{"start":{"line":13,"column":44},"end":{"line":24,"column":null}},"line":13}},"branchMap":{},"s":{"0":3,"1":4,"2":1,"3":4,"4":3,"5":3,"6":3},"f":{"0":4,"1":1,"2":3},"b":{},"meta":{"lastBranch":0,"lastFunction":3,"lastStatement":7,"seen":{"s:5:42:5:Infinity":0,"f:7:7:7:19":0,"s:8:15:8:Infinity":1,"f:8:31:8:32":1,"s:8:41:8:61":2,"s:10:2:10:Infinity":3,"f:13:7:13:14":2,"s:14:15:19:Infinity":4,"s:21:2:21:Infinity":5,"s:23:2:23:Infinity":6}}}
,"/Users/tborge02/www/node-studies/api-with-solid/src/use-cases/register.ts": {"path":"/Users/tborge02/www/node-studies/api-with-solid/src/use-cases/register.ts","statementMap":{"0":{"start":{"line":18,"column":21},"end":{"line":18,"column":53}},"1":{"start":{"line":25,"column":24},"end":{"line":25,"column":null}},"2":{"start":{"line":27,"column":28},"end":{"line":27,"column":null}},"3":{"start":{"line":29,"column":2},"end":{"line":31,"column":null}},"4":{"start":{"line":30,"column":3},"end":{"line":30,"column":null}},"5":{"start":{"line":33,"column":15},"end":{"line":37,"column":null}},"6":{"start":{"line":39,"column":2},"end":{"line":39,"column":null}}},"fnMap":{"0":{"name":"(anonymous_0)","decl":{"start":{"line":18,"column":1},"end":{"line":18,"column":21}},"loc":{"start":{"line":18,"column":53},"end":{"line":18,"column":null}},"line":18},"1":{"name":"(anonymous_1)","decl":{"start":{"line":20,"column":7},"end":{"line":20,"column":15}},"loc":{"start":{"line":24,"column":62},"end":{"line":40,"column":null}},"line":24}},"branchMap":{"0":{"loc":{"start":{"line":29,"column":2},"end":{"line":31,"column":null}},"type":"if","locations":[{"start":{"line":29,"column":2},"end":{"line":31,"column":null}},{"start":{},"end":{}}],"line":29}},"s":{"0":3,"1":4,"2":4,"3":4,"4":1,"5":3,"6":3},"f":{"0":3,"1":4},"b":{"0":[1,3]},"meta":{"lastBranch":1,"lastFunction":2,"lastStatement":7,"seen":{"f:18:1:18:21":0,"s:18:21:18:53":0,"f:20:7:20:15":1,"s:25:24:25:Infinity":1,"s:27:28:27:Infinity":2,"b:29:2:31:Infinity:undefined:undefined:undefined:undefined":0,"s:29:2:31:Infinity":3,"s:30:3:30:Infinity":4,"s:33:15:37:Infinity":5,"s:39:2:39:Infinity":6}}}
,"/Users/tborge02/www/node-studies/api-with-solid/src/use-cases/errors/user-already-exists-error.ts": {"path":"/Users/tborge02/www/node-studies/api-with-solid/src/use-cases/errors/user-already-exists-error.ts","statementMap":{"0":{"start":{"line":3,"column":2},"end":{"line":3,"column":null}}},"fnMap":{"0":{"name":"(anonymous_0)","decl":{"start":{"line":2,"column":1},"end":{"line":2,"column":15}},"loc":{"start":{"line":2,"column":15},"end":{"line":4,"column":null}},"line":2}},"branchMap":{},"s":{"0":1},"f":{"0":1},"b":{},"meta":{"lastBranch":0,"lastFunction":1,"lastStatement":1,"seen":{"f:2:1:2:15":0,"s:3:2:3:Infinity":0}}}
}
